# JRE version: OpenJDK Runtime Environment Microsoft-40648 (11.0.16.1+1) (build 11.0.16.1+1-LTS)
# Java VM: OpenJDK 64-Bit Server VM Microsoft-40648 (11.0.16.1+1-LTS, mixed mode, tiered, compressed oops, g1 gc, windows-amd64)
Heap:
 garbage-first heap   total 437248K, used 70315K [0x0000000083800000, 0x0000000100000000)
  region size 1024K, 5 young (5120K), 5 survivors (5120K)
 Metaspace       used 18153K, capacity 18477K, committed 18688K, reserved 1067008K
  class space    used 1668K, capacity 1787K, committed 1792K, reserved 1048576K
GC Heap History (20 events):
Event: 2.461 GC heap after
{Heap after GC invocations=32 (full 0):
 garbage-first heap   total 45056K, used 18635K [0x0000000083800000, 0x0000000100000000)
  region size 1024K, 1 young (1024K), 1 survivors (1024K)
 Metaspace       used 13862K, capacity 14196K, committed 14336K, reserved 1062912K
  class space    used 1411K, capacity 1503K, committed 1536K, reserved 1048576K
}
Event: 2.505 GC heap before
{Heap before GC invocations=33 (full 0):
 garbage-first heap   total 45056K, used 32971K [0x0000000083800000, 0x0000000100000000)
  region size 1024K, 2 young (2048K), 1 survivors (1024K)
 Metaspace       used 13862K, capacity 14196K, committed 14336K, reserved 1062912K
  class space    used 1411K, capacity 1503K, committed 1536K, reserved 1048576K
}
Event: 2.508 GC heap after
{Heap after GC invocations=34 (full 0):
 garbage-first heap   total 45056K, used 18817K [0x0000000083800000, 0x0000000100000000)
  region size 1024K, 1 young (1024K), 1 survivors (1024K)
 Metaspace       used 13862K, capacity 14196K, committed 14336K, reserved 1062912K
  class space    used 1411K, capacity 1503K, committed 1536K, reserved 1048576K
}
Event: 2.539 GC heap before
{Heap before GC invocations=35 (full 0):
 garbage-first heap   total 45056K, used 23937K [0x0000000083800000, 0x0000000100000000)
  region size 1024K, 5 young (5120K), 1 survivors (1024K)
 Metaspace       used 13862K, capacity 14196K, committed 14336K, reserved 1062912K
  class space    used 1411K, capacity 1503K, committed 1536K, reserved 1048576K
}
Event: 2.546 GC heap after
{Heap after GC invocations=36 (full 0):
 garbage-first heap   total 90112K, used 21795K [0x0000000083800000, 0x0000000100000000)
  region size 1024K, 2 young (2048K), 2 survivors (2048K)
 Metaspace       used 13862K, capacity 14196K, committed 14336K, reserved 1062912K
  class space    used 1411K, capacity 1503K, committed 1536K, reserved 1048576K
}
Event: 2.843 GC heap before
{Heap before GC invocations=37 (full 0):
 garbage-first heap   total 90112K, used 36131K [0x0000000083800000, 0x0000000100000000)
  region size 1024K, 14 young (14336K), 2 survivors (2048K)
 Metaspace       used 13966K, capacity 14262K, committed 14336K, reserved 1062912K
  class space    used 1411K, capacity 1503K, committed 1536K, reserved 1048576K
}
Event: 2.855 GC heap after
{Heap after GC invocations=38 (full 0):
 garbage-first heap   total 90112K, used 24679K [0x0000000083800000, 0x0000000100000000)
  region size 1024K, 2 young (2048K), 2 survivors (2048K)
 Metaspace       used 13966K, capacity 14262K, committed 14336K, reserved 1062912K
  class space    used 1411K, capacity 1503K, committed 1536K, reserved 1048576K
}
Event: 3.596 GC heap before
{Heap before GC invocations=38 (full 0):
 garbage-first heap   total 90112K, used 42087K [0x0000000083800000, 0x0000000100000000)
  region size 1024K, 17 young (17408K), 2 survivors (2048K)
 Metaspace       used 15285K, capacity 15534K, committed 15744K, reserved 1062912K
  class space    used 1513K, capacity 1607K, committed 1664K, reserved 1048576K
}
Event: 3.615 GC heap after
{Heap after GC invocations=39 (full 0):
 garbage-first heap   total 90112K, used 31721K [0x0000000083800000, 0x0000000100000000)
  region size 1024K, 3 young (3072K), 3 survivors (3072K)
 Metaspace       used 15285K, capacity 15534K, committed 15744K, reserved 1062912K
  class space    used 1513K, capacity 1607K, committed 1664K, reserved 1048576K
}
Event: 3.930 GC heap before
{Heap before GC invocations=39 (full 0):
 garbage-first heap   total 90112K, used 51177K [0x0000000083800000, 0x0000000100000000)
  region size 1024K, 21 young (21504K), 3 survivors (3072K)
 Metaspace       used 15905K, capacity 16186K, committed 16384K, reserved 1064960K
  class space    used 1561K, capacity 1694K, committed 1792K, reserved 1048576K
}
Event: 3.963 GC heap after
{Heap after GC invocations=40 (full 0):
 garbage-first heap   total 90112K, used 42318K [0x0000000083800000, 0x0000000100000000)
  region size 1024K, 3 young (3072K), 3 survivors (3072K)
 Metaspace       used 15905K, capacity 16186K, committed 16384K, reserved 1064960K
  class space    used 1561K, capacity 1694K, committed 1792K, reserved 1048576K
}
Event: 4.035 GC heap before
{Heap before GC invocations=40 (full 0):
 garbage-first heap   total 90112K, used 57678K [0x0000000083800000, 0x0000000100000000)
  region size 1024K, 18 young (18432K), 3 survivors (3072K)
 Metaspace       used 15948K, capacity 16258K, committed 16384K, reserved 1064960K
  class space    used 1564K, capacity 1697K, committed 1792K, reserved 1048576K
}
Event: 4.097 GC heap after
{Heap after GC invocations=41 (full 0):
 garbage-first heap   total 215040K, used 54272K [0x0000000083800000, 0x0000000100000000)
  region size 1024K, 3 young (3072K), 3 survivors (3072K)
 Metaspace       used 15948K, capacity 16258K, committed 16384K, reserved 1064960K
  class space    used 1564K, capacity 1697K, committed 1792K, reserved 1048576K
}
Event: 4.434 GC heap before
{Heap before GC invocations=41 (full 0):
 garbage-first heap   total 215040K, used 76800K [0x0000000083800000, 0x0000000100000000)
  region size 1024K, 23 young (23552K), 3 survivors (3072K)
 Metaspace       used 16232K, capacity 16526K, committed 16640K, reserved 1064960K
  class space    used 1568K, capacity 1697K, committed 1792K, reserved 1048576K
}
Event: 4.452 GC heap after
{Heap after GC invocations=42 (full 0):
 garbage-first heap   total 215040K, used 60416K [0x0000000083800000, 0x0000000100000000)
  region size 1024K, 3 young (3072K), 3 survivors (3072K)
 Metaspace       used 16232K, capacity 16526K, committed 16640K, reserved 1064960K
  class space    used 1568K, capacity 1697K, committed 1792K, reserved 1048576K
}
Event: 4.878 GC heap before
{Heap before GC invocations=42 (full 0):
 garbage-first heap   total 215040K, used 87040K [0x0000000083800000, 0x0000000100000000)
  region size 1024K, 29 young (29696K), 3 survivors (3072K)
 Metaspace       used 16860K, capacity 17180K, committed 17408K, reserved 1064960K
  class space    used 1634K, capacity 1742K, committed 1792K, reserved 1048576K
}
Event: 4.896 GC heap after
{Heap after GC invocations=43 (full 0):
 garbage-first heap   total 215040K, used 65452K [0x0000000083800000, 0x0000000100000000)
  region size 1024K, 4 young (4096K), 4 survivors (4096K)
 Metaspace       used 16860K, capacity 17180K, committed 17408K, reserved 1064960K
  class space    used 1634K, capacity 1742K, committed 1792K, reserved 1048576K
}
Event: 6.685 GC heap before
{Heap before GC invocations=43 (full 0):
 garbage-first heap   total 215040K, used 100268K [0x0000000083800000, 0x0000000100000000)
  region size 1024K, 38 young (38912K), 4 survivors (4096K)
 Metaspace       used 17942K, capacity 18220K, committed 18432K, reserved 1067008K
  class space    used 1668K, capacity 1787K, committed 1792K, reserved 1048576K
}
Event: 6.702 GC heap after
{Heap after GC invocations=44 (full 0):
 garbage-first heap   total 215040K, used 68351K [0x0000000083800000, 0x0000000100000000)
  region size 1024K, 3 young (3072K), 3 survivors (3072K)
 Metaspace       used 17942K, capacity 18220K, committed 18432K, reserved 1067008K
  class space    used 1668K, capacity 1787K, committed 1792K, reserved 1048576K
}
Event: 7.217 GC heap before
{Heap before GC invocations=44 (full 0):
 garbage-first heap   total 215040K, used 118527K [0x0000000083800000, 0x0000000100000000)
  region size 1024K, 52 young (53248K), 3 survivors (3072K)
 Metaspace       used 18153K, capacity 18477K, committed 18688K, reserved 1067008K
  class space    used 1668K, capacity 1787K, committed 1792K, reserved 1048576K
}

