# JRE version: OpenJDK Runtime Environment Microsoft-40648 (11.0.16.1+1) (build 11.0.16.1+1-LTS)
# Java VM: OpenJDK 64-Bit Server VM Microsoft-40648 (11.0.16.1+1-LTS, mixed mode, tiered, compressed oops, g1 gc, windows-amd64)
Heap:
 garbage-first heap   total 340992K, used 133120K [0x00000000c0000000, 0x0000000100000000)
  region size 1024K, 10 young (10240K), 10 survivors (10240K)
 Metaspace       used 17001K, capacity 17346K, committed 17664K, reserved 1064960K
  class space    used 1744K, capacity 1921K, committed 2048K, reserved 1048576K
GC Heap History (20 events):
Event: 5.141 GC heap after
{Heap after GC invocations=6 (full 0):
 garbage-first heap   total 129024K, used 37213K [0x00000000c0000000, 0x0000000100000000)
  region size 1024K, 7 young (7168K), 7 survivors (7168K)
 Metaspace       used 13404K, capacity 13655K, committed 13824K, reserved 1060864K
  class space    used 1299K, capacity 1415K, committed 1536K, reserved 1048576K
}
Event: 5.271 GC heap before
{Heap before GC invocations=6 (full 0):
 garbage-first heap   total 129024K, used 56669K [0x00000000c0000000, 0x0000000100000000)
  region size 1024K, 27 young (27648K), 7 survivors (7168K)
 Metaspace       used 13592K, capacity 13821K, committed 14080K, reserved 1062912K
  class space    used 1318K, capacity 1428K, committed 1536K, reserved 1048576K
}
Event: 5.301 GC heap after
{Heap after GC invocations=7 (full 0):
 garbage-first heap   total 129024K, used 43520K [0x00000000c0000000, 0x0000000100000000)
  region size 1024K, 4 young (4096K), 4 survivors (4096K)
 Metaspace       used 13592K, capacity 13821K, committed 14080K, reserved 1062912K
  class space    used 1318K, capacity 1428K, committed 1536K, reserved 1048576K
}
Event: 5.442 GC heap before
{Heap before GC invocations=7 (full 0):
 garbage-first heap   total 129024K, used 78336K [0x00000000c0000000, 0x0000000100000000)
  region size 1024K, 38 young (38912K), 4 survivors (4096K)
 Metaspace       used 13647K, capacity 13890K, committed 14080K, reserved 1062912K
  class space    used 1318K, capacity 1428K, committed 1536K, reserved 1048576K
}
Event: 5.483 GC heap after
{Heap after GC invocations=8 (full 0):
 garbage-first heap   total 155648K, used 52224K [0x00000000c0000000, 0x0000000100000000)
  region size 1024K, 5 young (5120K), 5 survivors (5120K)
 Metaspace       used 13647K, capacity 13890K, committed 14080K, reserved 1062912K
  class space    used 1318K, capacity 1428K, committed 1536K, reserved 1048576K
}
Event: 5.622 GC heap before
{Heap before GC invocations=8 (full 0):
 garbage-first heap   total 155648K, used 87040K [0x00000000c0000000, 0x0000000100000000)
  region size 1024K, 40 young (40960K), 5 survivors (5120K)
 Metaspace       used 13679K, capacity 13893K, committed 14080K, reserved 1062912K
  class space    used 1319K, capacity 1428K, committed 1536K, reserved 1048576K
}
Event: 5.668 GC heap after
{Heap after GC invocations=9 (full 0):
 garbage-first heap   total 155648K, used 60895K [0x00000000c0000000, 0x0000000100000000)
  region size 1024K, 5 young (5120K), 5 survivors (5120K)
 Metaspace       used 13679K, capacity 13893K, committed 14080K, reserved 1062912K
  class space    used 1319K, capacity 1428K, committed 1536K, reserved 1048576K
}
Event: 6.373 GC heap before
{Heap before GC invocations=9 (full 0):
 garbage-first heap   total 155648K, used 100831K [0x00000000c0000000, 0x0000000100000000)
  region size 1024K, 44 young (45056K), 5 survivors (5120K)
 Metaspace       used 15194K, capacity 15511K, committed 15872K, reserved 1062912K
  class space    used 1534K, capacity 1669K, committed 1792K, reserved 1048576K
}
Event: 6.414 GC heap after
{Heap after GC invocations=10 (full 0):
 garbage-first heap   total 155648K, used 68068K [0x00000000c0000000, 0x0000000100000000)
  region size 1024K, 6 young (6144K), 6 survivors (6144K)
 Metaspace       used 15194K, capacity 15511K, committed 15872K, reserved 1062912K
  class space    used 1534K, capacity 1669K, committed 1792K, reserved 1048576K
}
Event: 6.543 GC heap before
{Heap before GC invocations=10 (full 0):
 garbage-first heap   total 155648K, used 106980K [0x00000000c0000000, 0x0000000100000000)
  region size 1024K, 44 young (45056K), 6 survivors (6144K)
 Metaspace       used 15229K, capacity 15512K, committed 15872K, reserved 1062912K
  class space    used 1534K, capacity 1669K, committed 1792K, reserved 1048576K
}
Event: 6.582 GC heap after
{Heap after GC invocations=11 (full 0):
 garbage-first heap   total 155648K, used 75776K [0x00000000c0000000, 0x0000000100000000)
  region size 1024K, 6 young (6144K), 6 survivors (6144K)
 Metaspace       used 15229K, capacity 15512K, committed 15872K, reserved 1062912K
  class space    used 1534K, capacity 1669K, committed 1792K, reserved 1048576K
}
Event: 6.664 GC heap before
{Heap before GC invocations=11 (full 0):
 garbage-first heap   total 155648K, used 112640K [0x00000000c0000000, 0x0000000100000000)
  region size 1024K, 42 young (43008K), 6 survivors (6144K)
 Metaspace       used 15236K, capacity 15576K, committed 15872K, reserved 1062912K
  class space    used 1534K, capacity 1669K, committed 1792K, reserved 1048576K
}
Event: 6.703 GC heap after
{Heap after GC invocations=12 (full 0):
 garbage-first heap   total 253952K, used 82944K [0x00000000c0000000, 0x0000000100000000)
  region size 1024K, 6 young (6144K), 6 survivors (6144K)
 Metaspace       used 15236K, capacity 15576K, committed 15872K, reserved 1062912K
  class space    used 1534K, capacity 1669K, committed 1792K, reserved 1048576K
}
Event: 6.887 GC heap before
{Heap before GC invocations=12 (full 0):
 garbage-first heap   total 253952K, used 146432K [0x00000000c0000000, 0x0000000100000000)
  region size 1024K, 68 young (69632K), 6 survivors (6144K)
 Metaspace       used 15240K, capacity 15576K, committed 15872K, reserved 1062912K
  class space    used 1534K, capacity 1669K, committed 1792K, reserved 1048576K
}
Event: 6.917 GC heap after
{Heap after GC invocations=13 (full 0):
 garbage-first heap   total 253952K, used 95005K [0x00000000c0000000, 0x0000000100000000)
  region size 1024K, 9 young (9216K), 9 survivors (9216K)
 Metaspace       used 15240K, capacity 15576K, committed 15872K, reserved 1062912K
  class space    used 1534K, capacity 1669K, committed 1792K, reserved 1048576K
}
Event: 7.531 GC heap before
{Heap before GC invocations=13 (full 0):
 garbage-first heap   total 253952K, used 163613K [0x00000000c0000000, 0x0000000100000000)
  region size 1024K, 76 young (77824K), 9 survivors (9216K)
 Metaspace       used 16994K, capacity 17346K, committed 17664K, reserved 1064960K
  class space    used 1744K, capacity 1921K, committed 2048K, reserved 1048576K
}
Event: 7.566 GC heap after
{Heap after GC invocations=14 (full 0):
 garbage-first heap   total 253952K, used 107444K [0x00000000c0000000, 0x0000000100000000)
  region size 1024K, 10 young (10240K), 10 survivors (10240K)
 Metaspace       used 16994K, capacity 17346K, committed 17664K, reserved 1064960K
  class space    used 1744K, capacity 1921K, committed 2048K, reserved 1048576K
}
Event: 7.728 GC heap before
{Heap before GC invocations=14 (full 0):
 garbage-first heap   total 253952K, used 176052K [0x00000000c0000000, 0x0000000100000000)
  region size 1024K, 77 young (78848K), 10 survivors (10240K)
 Metaspace       used 16999K, capacity 17346K, committed 17664K, reserved 1064960K
  class space    used 1744K, capacity 1921K, committed 2048K, reserved 1048576K
}
Event: 7.763 GC heap after
{Heap after GC invocations=15 (full 0):
 garbage-first heap   total 253952K, used 119808K [0x00000000c0000000, 0x0000000100000000)
  region size 1024K, 10 young (10240K), 10 survivors (10240K)
 Metaspace       used 16999K, capacity 17346K, committed 17664K, reserved 1064960K
  class space    used 1744K, capacity 1921K, committed 2048K, reserved 1048576K
}
Event: 7.935 GC heap before
{Heap before GC invocations=15 (full 0):
 garbage-first heap   total 253952K, used 187392K [0x00000000c0000000, 0x0000000100000000)
  region size 1024K, 75 young (76800K), 10 survivors (10240K)
 Metaspace       used 17001K, capacity 17346K, committed 17664K, reserved 1064960K
  class space    used 1744K, capacity 1921K, committed 2048K, reserved 1048576K
}

